Arguments: 
  /usr/local/bin/node /usr/local/Cellar/yarn/1.21.1/libexec/bin/yarn.js build

PATH: 
  /usr/local/bin:/usr/bin:/bin:/usr/sbin:/sbin:/Users/baffour/Library/Android/sdk/emulator:/Users/baffour/Library/Android/sdk/tools:/Users/baffour/Library/Android/sdk/tools/bin:/Users/baffour/Library/Android/sdk/platform-tools

Yarn version: 
  1.21.1

Node version: 
  12.14.1

Platform: 
  darwin x64

Trace: 
  SyntaxError: /Users/baffour/Documents/Projects/messenger-api-wrapper/package.json: Unexpected token } in JSON at position 595
      at JSON.parse (<anonymous>)
      at /usr/local/Cellar/yarn/1.21.1/libexec/lib/cli.js:1625:59
      at Generator.next (<anonymous>)
      at step (/usr/local/Cellar/yarn/1.21.1/libexec/lib/cli.js:310:30)
      at /usr/local/Cellar/yarn/1.21.1/libexec/lib/cli.js:321:13

npm manifest: 
  {
    "name": "messenger-api-wrapper",
    "version": "0.0.1",
    "description": "a wrapper for facebook messenger api with typescript",
    "main": "dist/index.js",
    "repository": "git@github.com:BaffourAdu/messenger-api-wrapper.git",
    "author": "Baffour Adu Boampong <baffouraduboampong@gmail.com>",
    "license": "MIT",
    "types": "dist/index.d.ts",
    "private": false,
    "dependencies": {
      "typescript": "^3.8.3"
    },
    "scripts": {
      "build": "rimraf dist && tsc",
      "test": "echo \"Error: no test specified\" && exit 1"
    },
    "keywords": [
      "ts",
      "typescript",
      "ts-node"
    ],
  }

yarn manifest: 
  No manifest

Lockfile: 
  # THIS IS AN AUTOGENERATED FILE. DO NOT EDIT THIS FILE DIRECTLY.
  # yarn lockfile v1
  
  
  typescript@^3.8.3:
    version "3.8.3"
    resolved "https://registry.yarnpkg.com/typescript/-/typescript-3.8.3.tgz#409eb8544ea0335711205869ec458ab109ee1061"
    integrity sha512-MYlEfn5VrLNsgudQTVJeNaQFUAI7DkhnOjdpAp4T+ku1TfQClewlbSuTVHiA+8skNBgaf02TL/kLOvig4y3G8w==
